#
# There is insufficient memory for the Java Runtime Environment to continue.
# Native memory allocation (malloc) failed to allocate 1483024 bytes for Chunk::new
# Possible reasons:
#   The system is out of physical RAM or swap space
#   In 32 bit mode, the process size limit was hit
# Possible solutions:
#   Reduce memory load on the system
#   Increase physical memory or swap space
#   Check if swap backing store is full
#   Use 64 bit Java on a 64 bit OS
#   Decrease Java heap size (-Xmx/-Xms)
#   Decrease number of Java threads
#   Decrease Java thread stack sizes (-Xss)
#   Set larger code cache with -XX:ReservedCodeCacheSize=
# This output file may be truncated or incomplete.
#
#  Out of Memory Error (allocation.cpp:390), pid=5912, tid=6016
#
# JRE version: Java(TM) SE Runtime Environment (8.0_60-b27) (build 1.8.0_60-b27)
# Java VM: Java HotSpot(TM) 64-Bit Server VM (25.60-b23 mixed mode windows-amd64 compressed oops)
# Failed to write core dump. Minidumps are not enabled by default on client versions of Windows
#

---------------  T H R E A D  ---------------

Current thread (0x0000000014476800):  JavaThread "C2 CompilerThread0" daemon [_thread_in_native, id=6016, stack(0x00000000154b0000,0x00000000155b0000)]

Stack: [0x00000000154b0000,0x00000000155b0000]
[error occurred during error reporting (printing stack bounds), id 0xc0000005]

Native frames: (J=compiled Java code, j=interpreted, Vv=VM code, C=native code)


Current CompileTask:
C2:  14746 3801       4       groovy.lang.MetaClassImpl::applyStrayPropertyMethods (232 bytes)


---------------  P R O C E S S  ---------------

Java Threads: ( => current thread )
  0x0000000016cab000 JavaThread "File lock request listener" [_thread_in_native, id=3156, stack(0x00000000180d0000,0x00000000181d0000)]
  0x00000000166f4000 JavaThread "Stdin handler" [_thread_blocked, id=4400, stack(0x0000000017fd0000,0x00000000180d0000)]
  0x00000000166f3800 JavaThread "Daemon worker" [_thread_in_native, id=5652, stack(0x0000000017ed0000,0x0000000017fd0000)]
  0x0000000016935000 JavaThread "Cancel handler" [_thread_blocked, id=3196, stack(0x0000000017dd0000,0x0000000017ed0000)]
  0x0000000016929000 JavaThread "Handler for socket connection from /127.0.0.1:51129 to /127.0.0.1:51131" [_thread_in_native, id=5020, stack(0x0000000017cd0000,0x0000000017dd0000)]
  0x0000000016926800 JavaThread "Daemon" [_thread_blocked, id=5692, stack(0x0000000017bd0000,0x0000000017cd0000)]
  0x0000000016945800 JavaThread "Incoming local TCP Connector on port 51129" [_thread_in_native, id=5496, stack(0x0000000017850000,0x0000000017950000)]
  0x0000000014481000 JavaThread "Service Thread" daemon [_thread_blocked, id=5348, stack(0x00000000156b0000,0x00000000157b0000)]
  0x0000000014479000 JavaThread "C1 CompilerThread1" daemon [_thread_blocked, id=2972, stack(0x00000000155b0000,0x00000000156b0000)]
=>0x0000000014476800 JavaThread "C2 CompilerThread0" daemon [_thread_in_native, id=6016, stack(0x00000000154b0000,0x00000000155b0000)]
  0x0000000014487000 JavaThread "Attach Listener" daemon [_thread_blocked, id=5816, stack(0x00000000153b0000,0x00000000154b0000)]
  0x0000000014484000 JavaThread "Signal Dispatcher" daemon [_thread_blocked, id=5236, stack(0x00000000152b0000,0x00000000153b0000)]
  0x0000000001fe5800 JavaThread "Finalizer" daemon [_thread_blocked, id=1636, stack(0x00000000150c0000,0x00000000151c0000)]
  0x0000000001fdc000 JavaThread "Reference Handler" daemon [_thread_blocked, id=5656, stack(0x0000000014fc0000,0x00000000150c0000)]
  0x0000000001ef2800 JavaThread "main" [_thread_blocked, id=4800, stack(0x0000000001dc0000,0x0000000001ec0000)]

Other Threads:
  0x0000000014446800 VMThread [stack: 0x0000000014ec0000,0x0000000014fc0000] [id=2348]
  0x000000001451c000 WatcherThread [stack: 0x00000000157b0000,0x00000000158b0000] [id=5308]

VM state:not at safepoint (normal execution)

VM Mutex/Monitor currently owned by a thread: None

Heap:
 PSYoungGen      total 137728K, used 61600K [0x00000000eab00000, 0x00000000f4d80000, 0x0000000100000000)
  eden space 120320K, 51% used [0x00000000eab00000,0x00000000ee7283d8,0x00000000f2080000)
  from space 17408K, 0% used [0x00000000f3380000,0x00000000f3380000,0x00000000f4480000)
  to   space 19456K, 0% used [0x00000000f2080000,0x00000000f2080000,0x00000000f3380000)
 ParOldGen       total 40448K, used 35409K [0x00000000c0000000, 0x00000000c2780000, 0x00000000eab00000)
  object space 40448K, 87% used [0x00000000c0000000,0x00000000c22947b8,0x00000000c2780000)
 Metaspace       used 36579K, capacity 38161K, committed 38400K, reserved 1081344K
  class space    used 5133K, capacity 5772K, committed 5888K, reserved 1048576K

Card table byte_map: [0x00000000113b0000,0x00000000115c0000] byte_map_base: 0x0000000010db0000

Marking Bits: (ParMarkBitMap*) 0x000000007785a5b0
 Begin Bits: [0x0000000011920000, 0x0000000012920000)
 End Bits:   [0x0000000012920000, 0x0000000013920000)

Polling page: 0x0000000000570000

CodeCache: size=245760Kb used=13428Kb max_used=13428Kb free=232331Kb
 bounds [0x0000000001ff0000, 0x0000000002d20000, 0x0000000010ff0000]
 total_blobs=4360 nmethods=3705 adapters=567
 compilation: enabled

Compilation events (10 events):
Event: 14.716 Thread 0x0000000014479000 3904       2       org.codehaus.groovy.reflection.stdclasses.ArrayCachedClass::coerceArgument (140 bytes)
Event: 14.717 Thread 0x0000000014479000 nmethod 3904 0x0000000002d133d0 code [0x0000000002d13600, 0x0000000002d13f48]
Event: 14.718 Thread 0x0000000014479000 3905       2       org.gradle.api.internal.coerce.TypeCoercingMethodArgumentsTransformer::transform (8 bytes)
Event: 14.718 Thread 0x0000000014479000 nmethod 3905 0x0000000002d14890 code [0x0000000002d14a00, 0x0000000002d14b68]
Event: 14.720 Thread 0x0000000014479000 3906       2       org.gradle.api.internal.file.collections.DefaultConfigurableFileCollection::from (21 bytes)
Event: 14.721 Thread 0x0000000014479000 nmethod 3906 0x0000000002d14c10 code [0x0000000002d14da0, 0x0000000002d15158]
Event: 14.721 Thread 0x0000000014479000 3907       2       org.gradle.api.internal.DefaultDomainObjectCollection::add (10 bytes)
Event: 14.721 Thread 0x0000000014479000 nmethod 3907 0x0000000002d153d0 code [0x0000000002d15560, 0x0000000002d15798]
Event: 14.736 Thread 0x0000000014479000 3908       2       java.util.SubList::checkForComodification (23 bytes)
Event: 14.736 Thread 0x0000000014479000 nmethod 3908 0x0000000002d15950 code [0x0000000002d15ac0, 0x0000000002d15cc8]

GC Heap History (10 events):
Event: 7.574 GC heap before
{Heap before GC invocations=8 (full 1):
 PSYoungGen      total 73728K, used 65536K [0x00000000eab00000, 0x00000000efb00000, 0x0000000100000000)
  eden space 65536K, 100% used [0x00000000eab00000,0x00000000eeb00000,0x00000000eeb00000)
  from space 8192K, 0% used [0x00000000ef300000,0x00000000ef300000,0x00000000efb00000)
  to   space 8192K, 0% used [0x00000000eeb00000,0x00000000eeb00000,0x00000000ef300000)
 ParOldGen       total 40448K, used 10893K [0x00000000c0000000, 0x00000000c2780000, 0x00000000eab00000)
  object space 40448K, 26% used [0x00000000c0000000,0x00000000c0aa3508,0x00000000c2780000)
 Metaspace       used 25438K, capacity 25970K, committed 26112K, reserved 1071104K
  class space    used 3392K, capacity 3570K, committed 3584K, reserved 1048576K
Event: 7.590 GC heap after
Heap after GC invocations=8 (full 1):
 PSYoungGen      total 73728K, used 7349K [0x00000000eab00000, 0x00000000f1a00000, 0x0000000100000000)
  eden space 65536K, 0% used [0x00000000eab00000,0x00000000eab00000,0x00000000eeb00000)
  from space 8192K, 89% used [0x00000000eeb00000,0x00000000ef22d5b8,0x00000000ef300000)
  to   space 8704K, 0% used [0x00000000f1180000,0x00000000f1180000,0x00000000f1a00000)
 ParOldGen       total 40448K, used 10893K [0x00000000c0000000, 0x00000000c2780000, 0x00000000eab00000)
  object space 40448K, 26% used [0x00000000c0000000,0x00000000c0aa3508,0x00000000c2780000)
 Metaspace       used 25438K, capacity 25970K, committed 26112K, reserved 1071104K
  class space    used 3392K, capacity 3570K, committed 3584K, reserved 1048576K
}
Event: 9.190 GC heap before
{Heap before GC invocations=9 (full 1):
 PSYoungGen      total 73728K, used 72885K [0x00000000eab00000, 0x00000000f1a00000, 0x0000000100000000)
  eden space 65536K, 100% used [0x00000000eab00000,0x00000000eeb00000,0x00000000eeb00000)
  from space 8192K, 89% used [0x00000000eeb00000,0x00000000ef22d5b8,0x00000000ef300000)
  to   space 8704K, 0% used [0x00000000f1180000,0x00000000f1180000,0x00000000f1a00000)
 ParOldGen       total 40448K, used 10893K [0x00000000c0000000, 0x00000000c2780000, 0x00000000eab00000)
  object space 40448K, 26% used [0x00000000c0000000,0x00000000c0aa3508,0x00000000c2780000)
 Metaspace       used 29428K, capacity 30208K, committed 30464K, reserved 1075200K
  class space    used 3945K, capacity 4247K, committed 4352K, reserved 1048576K
Event: 9.216 GC heap after
Heap after GC invocations=9 (full 1):
 PSYoungGen      total 101376K, used 8673K [0x00000000eab00000, 0x00000000f2200000, 0x0000000100000000)
  eden space 92672K, 0% used [0x00000000eab00000,0x00000000eab00000,0x00000000f0580000)
  from space 8704K, 99% used [0x00000000f1180000,0x00000000f19f8430,0x00000000f1a00000)
  to   space 12288K, 0% used [0x00000000f0580000,0x00000000f0580000,0x00000000f1180000)
 ParOldGen       total 40448K, used 16102K [0x00000000c0000000, 0x00000000c2780000, 0x00000000eab00000)
  object space 40448K, 39% used [0x00000000c0000000,0x00000000c0fb98e8,0x00000000c2780000)
 Metaspace       used 29428K, capacity 30208K, committed 30464K, reserved 1075200K
  class space    used 3945K, capacity 4247K, committed 4352K, reserved 1048576K
}
Event: 12.024 GC heap before
{Heap before GC invocations=10 (full 1):
 PSYoungGen      total 101376K, used 101345K [0x00000000eab00000, 0x00000000f2200000, 0x0000000100000000)
  eden space 92672K, 100% used [0x00000000eab00000,0x00000000f0580000,0x00000000f0580000)
  from space 8704K, 99% used [0x00000000f1180000,0x00000000f19f8430,0x00000000f1a00000)
  to   space 12288K, 0% used [0x00000000f0580000,0x00000000f0580000,0x00000000f1180000)
 ParOldGen       total 40448K, used 16102K [0x00000000c0000000, 0x00000000c2780000, 0x00000000eab00000)
  object space 40448K, 39% used [0x00000000c0000000,0x00000000c0fb98e8,0x00000000c2780000)
 Metaspace       used 32321K, capacity 33662K, committed 33920K, reserved 1079296K
  class space    used 4458K, capacity 4963K, committed 4992K, reserved 1048576K
Event: 12.096 GC heap after
Heap after GC invocations=10 (full 1):
 PSYoungGen      total 104960K, used 12257K [0x00000000eab00000, 0x00000000f4480000, 0x0000000100000000)
  eden space 92672K, 0% used [0x00000000eab00000,0x00000000eab00000,0x00000000f0580000)
  from space 12288K, 99% used [0x00000000f0580000,0x00000000f1178430,0x00000000f1180000)
  to   space 17408K, 0% used [0x00000000f3380000,0x00000000f3380000,0x00000000f4480000)
 ParOldGen       total 40448K, used 23979K [0x00000000c0000000, 0x00000000c2780000, 0x00000000eab00000)
  object space 40448K, 59% used [0x00000000c0000000,0x00000000c176af68,0x00000000c2780000)
 Metaspace       used 32321K, capacity 33662K, committed 33920K, reserved 1079296K
  class space    used 4458K, capacity 4963K, committed 4992K, reserved 1048576K
}
Event: 12.925 GC heap before
{Heap before GC invocations=11 (full 1):
 PSYoungGen      total 104960K, used 52677K [0x00000000eab00000, 0x00000000f4480000, 0x0000000100000000)
  eden space 92672K, 43% used [0x00000000eab00000,0x00000000ed279398,0x00000000f0580000)
  from space 12288K, 99% used [0x00000000f0580000,0x00000000f1178430,0x00000000f1180000)
  to   space 17408K, 0% used [0x00000000f3380000,0x00000000f3380000,0x00000000f4480000)
 ParOldGen       total 40448K, used 23979K [0x00000000c0000000, 0x00000000c2780000, 0x00000000eab00000)
  object space 40448K, 59% used [0x00000000c0000000,0x00000000c176af68,0x00000000c2780000)
 Metaspace       used 34051K, capacity 35424K, committed 35456K, reserved 1079296K
  class space    used 4741K, capacity 5228K, committed 5248K, reserved 1048576K
Event: 12.965 GC heap after
Heap after GC invocations=11 (full 1):
 PSYoungGen      total 137728K, used 16289K [0x00000000eab00000, 0x00000000f4d80000, 0x0000000100000000)
  eden space 120320K, 0% used [0x00000000eab00000,0x00000000eab00000,0x00000000f2080000)
  from space 17408K, 93% used [0x00000000f3380000,0x00000000f43687f0,0x00000000f4480000)
  to   space 19456K, 0% used [0x00000000f2080000,0x00000000f2080000,0x00000000f3380000)
 ParOldGen       total 40448K, used 23979K [0x00000000c0000000, 0x00000000c2780000, 0x00000000eab00000)
  object space 40448K, 59% used [0x00000000c0000000,0x00000000c176af68,0x00000000c2780000)
 Metaspace       used 34051K, capacity 35424K, committed 35456K, reserved 1079296K
  class space    used 4741K, capacity 5228K, committed 5248K, reserved 1048576K
}
Event: 12.965 GC heap before
{Heap before GC invocations=12 (full 2):
 PSYoungGen      total 137728K, used 16289K [0x00000000eab00000, 0x00000000f4d80000, 0x0000000100000000)
  eden space 120320K, 0% used [0x00000000eab00000,0x00000000eab00000,0x00000000f2080000)
  from space 17408K, 93% used [0x00000000f3380000,0x00000000f43687f0,0x00000000f4480000)
  to   space 19456K, 0% used [0x00000000f2080000,0x00000000f2080000,0x00000000f3380000)
 ParOldGen       total 40448K, used 23979K [0x00000000c0000000, 0x00000000c2780000, 0x00000000eab00000)
  object space 40448K, 59% used [0x00000000c0000000,0x00000000c176af68,0x00000000c2780000)
 Metaspace       used 34051K, capacity 35424K, committed 35456K, reserved 1079296K
  class space    used 4741K, capacity 5228K, committed 5248K, reserved 1048576K
Event: 13.327 GC heap after
Heap after GC invocations=12 (full 2):
 PSYoungGen      total 137728K, used 0K [0x00000000eab00000, 0x00000000f4d80000, 0x0000000100000000)
  eden space 120320K, 0% used [0x00000000eab00000,0x00000000eab00000,0x00000000f2080000)
  from space 17408K, 0% used [0x00000000f3380000,0x00000000f3380000,0x00000000f4480000)
  to   space 19456K, 0% used [0x00000000f2080000,0x00000000f2080000,0x00000000f3380000)
 ParOldGen       total 40448K, used 35409K [0x00000000c0000000, 0x00000000c2780000, 0x00000000eab00000)
  object space 40448K, 87% used [0x00000000c0000000,0x00000000c22947b8,0x00000000c2780000)
 Metaspace       used 34051K, capacity 35424K, committed 35456K, reserved 1079296K
  class space    used 4741K, capacity 5228K, committed 5248K, reserved 1048576K
}

Deoptimization events (10 events):
Event: 11.078 Thread 0x00000000166f3800 Uncommon trap: reason=array_check action=maybe_recompile pc=0x0000000002b114b8 method=java.util.AbstractCollection.toArray([Ljava/lang/Object;)[Ljava/lang/Object; @ 119
Event: 13.361 Thread 0x00000000166f3800 Uncommon trap: reason=unstable_if action=reinterpret pc=0x0000000002afc694 method=java.util.regex.Pattern.has(I)Z @ 6
Event: 13.566 Thread 0x00000000166f3800 Uncommon trap: reason=unstable_if action=reinterpret pc=0x0000000002a22f6c method=org.codehaus.groovy.util.ReferenceManager$2.afterReferenceCreation(Lorg/codehaus/groovy/util/Reference;)V @ 33
Event: 13.567 Thread 0x00000000166f3800 Uncommon trap: reason=unstable_if action=reinterpret pc=0x0000000002a22f44 method=org.codehaus.groovy.util.ReferenceManager$2.afterReferenceCreation(Lorg/codehaus/groovy/util/Reference;)V @ 8
Event: 13.567 Thread 0x00000000166f3800 Uncommon trap: reason=unstable_if action=reinterpret pc=0x0000000002a22f44 method=org.codehaus.groovy.util.ReferenceManager$2.afterReferenceCreation(Lorg/codehaus/groovy/util/Reference;)V @ 8
Event: 13.772 Thread 0x00000000166f3800 Uncommon trap: reason=unstable_if action=reinterpret pc=0x000000000298b3e4 method=org.codehaus.groovy.util.ReferenceManager$2.afterReferenceCreation(Lorg/codehaus/groovy/util/Reference;)V @ 8
Event: 13.974 Thread 0x00000000166f3800 Uncommon trap: reason=unstable_if action=reinterpret pc=0x00000000029ab94c method=org.codehaus.groovy.util.ReferenceManager$2.afterReferenceCreation(Lorg/codehaus/groovy/util/Reference;)V @ 8
Event: 14.028 Thread 0x00000000166f3800 Uncommon trap: reason=unstable_if action=reinterpret pc=0x0000000002c44edc method=java.util.LinkedHashMap.afterNodeInsertion(Z)V @ 18
Event: 14.234 Thread 0x00000000166f3800 Uncommon trap: reason=class_check action=maybe_recompile pc=0x0000000002c95a6c method=java.beans.Introspector.addPropertyDescriptor(Ljava/beans/PropertyDescriptor;)V @ 110
Event: 14.431 Thread 0x00000000166f3800 Uncommon trap: reason=unstable_if action=reinterpret pc=0x0000000002163108 method=org.codehaus.groovy.util.ReferenceManager$2.afterReferenceCreation(Lorg/codehaus/groovy/util/Reference;)V @ 8

Internal exceptions (10 events):
Event: 14.569 Thread 0x00000000166f3800 Exception <a 'java/lang/ClassNotFoundException': com/android/build/gradle/internal/variant/ApplicationVariantDataBeanInfo> (0x00000000edf76710) thrown at [C:\re\workspace\8-2-build-windows-amd64-cygwin\jdk8u60\4407\hotspot\src\share\vm\classfile\systemDictŸaW„X#-@
Event: 14.569 Thread 0x00000000166f3800 Exception <a 'java/lang/ClassNotFoundException': com/android/build/gradle/internal/variant/ApplicationVariantDataCustomizer> (0x00000000edf870e0) thrown at [C:\re\workspace\8-2-build-windows-amd64-cygwin\jdk8u60\4407\hotspot\src\share\vm\classfile\systemDi
Event: 14.594 Thread 0x00000000166f3800 Exception <a 'java/lang/ClassNotFoundException': com/android/build/gradle/tasks/MergeManifests_DecoratedBeanInfo> (0x00000000ee0e9930) thrown at [C:\re\workspace\8-2-build-windows-amd64-cygwin\jdk8u60\4407\hotspot\src\share\vm\classfile\systemDictionary.cp—H<§D0-@
Event: 14.594 Thread 0x00000000166f3800 Exception <a 'java/lang/ClassNotFoundException': com/android/build/gradle/tasks/MergeManifestsBeanInfo> (0x00000000ee0f8698) thrown at [C:\re\workspace\8-2-build-windows-amd64-cygwin\jdk8u60\4407\hotspot\src\share\vm\classfile\systemDictionary.cpp, line 217!|0-@
Event: 14.595 Thread 0x00000000166f3800 Exception <a 'java/lang/ClassNotFoundException': com/android/build/gradle/tasks/MergeManifestsCustomizer> (0x00000000ee107888) thrown at [C:\re\workspace\8-2-build-windows-amd64-cygwin\jdk8u60\4407\hotspot\src\share\vm\classfile\systemDictionary.cpp, line ªõÞôœ1-@
Event: 14.597 Thread 0x00000000166f3800 Exception <a 'java/lang/ClassNotFoundException': com/android/build/gradle/tasks/MergeManifests_DecoratedCustomizer> (0x00000000ee180168) thrown at [C:\re\workspace\8-2-build-windows-amd64-cygwin\jdk8u60\4407\hotspot\src\share\vm\classfile\systemDictionary.>ƒu&]-@
Event: 14.682 Thread 0x00000000166f3800 Exception <a 'java/lang/ClassNotFoundException': com/android/build/gradle/tasks/ZipAlign_DecoratedBeanInfo> (0x00000000ee474da0) thrown at [C:\re\workspace\8-2-build-windows-amd64-cygwin\jdk8u60\4407\hotspot\src\share\vm\classfile\systemDictionary.cpp, lin,Ç8»U^-@
Event: 14.684 Thread 0x00000000166f3800 Exception <a 'java/lang/ClassNotFoundException': com/android/build/gradle/tasks/ZipAlignBeanInfo> (0x00000000ee482a40) thrown at [C:\re\workspace\8-2-build-windows-amd64-cygwin\jdk8u60\4407\hotspot\src\share\vm\classfile\systemDictionary.cpp, line 210]
Event: 14.686 Thread 0x00000000166f3800 Exception <a 'java/lang/ClassNotFoundException': com/android/build/gradle/tasks/ZipAlignCustomizer> (0x00000000ee4907d0) thrown at [C:\re\workspace\8-2-build-windows-amd64-cygwin\jdk8u60\4407\hotspot\src\share\vm\classfile\systemDictionary.cpp, line 210]
Event: 14.688 Thread 0x00000000166f3800 Exception <a 'java/lang/ClassNotFoundException': com/android/build/gradle/tasks/ZipAlign_DecoratedCustomizer> (0x00000000ee4dc760) thrown at [C:\re\workspace\8-2-build-windows-amd64-cygwin\jdk8u60\4407\hotspot\src\share\vm\classfile\systemDictionary.cpp, lÐ#-@

Events (10 events):
Event: 14.693 loading class groovy/runtime/metaclass/com/android/build/gradle/BasePlugin$_createPackagingTask_closure165MetaClass
Event: 14.693 loading class groovy/runtime/metaclass/com/android/build/gradle/BasePlugin$_createPackagingTask_closure165MetaClass done
Event: 14.693 loading class com/android/build/gradle/BasePlugin$_createPackagingTask_closure166
Event: 14.693 loading class com/android/build/gradle/BasePlugin$_createPackagingTask_closure166 done
Event: 14.694 loading class groovy/runtime/metaclass/com/android/build/gradle/BasePlugin$_createPackagingTask_closure166MetaClass
Event: 14.694 loading class groovy/runtime/metaclass/com/android/build/gradle/BasePlugin$_createPackagingTask_closure166MetaClass done
Event: 14.694 loading class com/android/build/gradle/BasePlugin$_createPackagingTask_closure167
Event: 14.694 loading class com/android/build/gradle/BasePlugin$_createPackagingTask_closure167 done
Event: 14.695 loading class groovy/runtime/metaclass/com/android/build/gradle/BasePlugin$_createPackagingTask_closure167MetaClass
Event: 14.695 loading class groovy/runtime/metaclass/com/android/build/gradle/BasePlugin$_createPackagingTask_closure167MetaClass done


Dynamic libraries:
0x00007ff76a960000 - 0x00007ff76a997000 	C:\Program Files\Java\jdk1.8.0_60\bin\java.exe
0x00007fffe1e40000 - 0x00007fffe1fec000 	C:\Windows\SYSTEM32\ntdll.dll
0x00007fffe1850000 - 0x00007fffe198e000 	C:\Windows\system32\KERNEL32.DLL
0x00007fffdf170000 - 0x00007fffdf285000 	C:\Windows\system32\KERNELBASE.dll
0x00000000514d0000 - 0x000000005156f000 	C:\Program Files\Bitdefender\Antivirus Free Edition\avc3\avc3_sig_317\avcuf64.dll
0x00007fffddb10000 - 0x00007fffddb9e000 	C:\Windows\system32\apphelp.dll
0x00007fffd0a90000 - 0x00007fffd0ae3000 	C:\Windows\AppPatch\AppPatch64\AcGenral.DLL
0x00007fffe1500000 - 0x00007fffe15aa000 	C:\Windows\system32\msvcrt.dll
0x00007fffded70000 - 0x00007fffded9e000 	C:\Windows\SYSTEM32\SspiCli.dll
0x00007fffe11b0000 - 0x00007fffe1204000 	C:\Windows\system32\SHLWAPI.dll
0x00007fffe1030000 - 0x00007fffe11a7000 	C:\Windows\system32\USER32.dll
0x00007fffe1c90000 - 0x00007fffe1e24000 	C:\Windows\system32\ole32.dll
0x00007fffdfa10000 - 0x00007fffe0f29000 	C:\Windows\system32\SHELL32.dll
0x00007fffde540000 - 0x00007fffde561000 	C:\Windows\SYSTEM32\USERENV.dll
0x00007fffe0f80000 - 0x00007fffe102a000 	C:\Windows\system32\ADVAPI32.dll
0x00007fffd6a10000 - 0x00007fffd6a2e000 	C:\Windows\SYSTEM32\MPR.dll
0x00007fffe15b0000 - 0x00007fffe16f1000 	C:\Windows\system32\RPCRT4.dll
0x00007fffe14a0000 - 0x00007fffe14f9000 	C:\Windows\SYSTEM32\sechost.dll
0x00007fffe19b0000 - 0x00007fffe1bc1000 	C:\Windows\SYSTEM32\combase.dll
0x00007fffe1700000 - 0x00007fffe184f000 	C:\Windows\system32\GDI32.dll
0x00007fffdefa0000 - 0x00007fffdefb5000 	C:\Windows\SYSTEM32\profapi.dll
0x00007fffdd350000 - 0x00007fffdd402000 	C:\Windows\SYSTEM32\SHCORE.dll
0x00007fffe0f30000 - 0x00007fffe0f66000 	C:\Windows\system32\IMM32.DLL
0x00007fffdf8b0000 - 0x00007fffdfa02000 	C:\Windows\system32\MSCTF.dll
0x00007fffdc130000 - 0x00007fffdc3aa000 	C:\Windows\WinSxS\amd64_microsoft.windows.common-controls_6595b64144ccf1df_6.0.9600.17810_none_6240b9c7ecbd0bda\COMCTL32.dll
0x0000000050240000 - 0x0000000050312000 	C:\Program Files\Java\jdk1.8.0_60\jre\bin\msvcr100.dll
0x0000000077050000 - 0x00000000778d9000 	C:\Program Files\Java\jdk1.8.0_60\jre\bin\server\jvm.dll
0x00007fffd1a40000 - 0x00007fffd1a49000 	C:\Windows\SYSTEM32\WSOCK32.dll
0x00007fffd9190000 - 0x00007fffd91b2000 	C:\Windows\SYSTEM32\WINMM.dll
0x00007fffddba0000 - 0x00007fffddbaa000 	C:\Windows\SYSTEM32\VERSION.dll
0x00007fffdf4d0000 - 0x00007fffdf4d7000 	C:\Windows\system32\PSAPI.DLL
0x00007fffe13c0000 - 0x00007fffe141a000 	C:\Windows\system32\WS2_32.dll
0x00007fffd8f90000 - 0x00007fffd8fba000 	C:\Windows\SYSTEM32\WINMMBASE.dll
0x00007fffe1490000 - 0x00007fffe1499000 	C:\Windows\system32\NSI.dll
0x00007fffdf120000 - 0x00007fffdf16f000 	C:\Windows\SYSTEM32\cfgmgr32.dll
0x00007fffddd90000 - 0x00007fffdddb8000 	C:\Windows\SYSTEM32\DEVOBJ.dll
0x0000000050230000 - 0x000000005023f000 	C:\Program Files\Java\jdk1.8.0_60\jre\bin\verify.dll
0x0000000050200000 - 0x0000000050229000 	C:\Program Files\Java\jdk1.8.0_60\jre\bin\java.dll
0x00000000501e0000 - 0x00000000501f6000 	C:\Program Files\Java\jdk1.8.0_60\jre\bin\zip.dll
0x00007fffde810000 - 0x00007fffde830000 	C:\Windows\SYSTEM32\CRYPTSP.dll
0x00007fffde430000 - 0x00007fffde466000 	C:\Windows\system32\rsaenh.dll
0x00007fffdea60000 - 0x00007fffdea86000 	C:\Windows\SYSTEM32\bcrypt.dll
0x00007fffdeda0000 - 0x00007fffdee03000 	C:\Windows\system32\bcryptprimitives.dll
0x00007fffdee10000 - 0x00007fffdee1b000 	C:\Windows\SYSTEM32\CRYPTBASE.dll
0x00000000501c0000 - 0x00000000501da000 	C:\Program Files\Java\jdk1.8.0_60\jre\bin\net.dll
0x00007fffde7b0000 - 0x00007fffde809000 	C:\Windows\system32\mswsock.dll
0x00007fffd8a70000 - 0x00007fffd8a9a000 	C:\Windows\SYSTEM32\IPHLPAPI.DLL
0x00007fffd8990000 - 0x00007fffd899a000 	C:\Windows\SYSTEM32\WINNSI.DLL
0x00007fffd8970000 - 0x00007fffd8986000 	C:\Windows\SYSTEM32\dhcpcsvc6.DLL
0x00007fffd8950000 - 0x00007fffd896a000 	C:\Windows\SYSTEM32\dhcpcsvc.DLL
0x00000000501a0000 - 0x00000000501b1000 	C:\Program Files\Java\jdk1.8.0_60\jre\bin\nio.dll
0x00007fffd9a70000 - 0x00007fffd9a82000 	C:\Users\Tarnóczai Gábor\AppData\Local\Temp\native-platform1799197804249598472dir\native-platform.dll

VM Arguments:
jvm_args: -XX:MaxPermSize=256m -XX:+HeapDumpOnOutOfMemoryError -Xmx1024m -Dfile.encoding=windows-1250 -Duser.country=HU -Duser.language=hu -Duser.variant 
java_command: org.gradle.launcher.daemon.bootstrap.GradleDaemon 2.2.1 C:\Users\Tarnóczai Gábor\.gradle\daemon 10800000 6e04f081-f584-460f-8daa-62057773db7f -XX:MaxPermSize=256m -XX:+HeapDumpOnOutOfMemoryError -Xmx1024m -Dfile.encoding=windows-1250 -Duser.country=HU -Duser.language=hu -Duser.variant
java_class_path (initial): C:\Users\Tarnóczai Gábor\.gradle\wrapper\dists\gradle-2.2.1-all\2m8005s69iu8v0oiejfej094b\gradle-2.2.1\lib\gradle-launcher-2.2.1.jar
Launcher Type: SUN_STANDARD

Environment Variables:
JAVA_HOME=c:\Program Files\Java\jdk1.8.0_60
CLASSPATH=c:\Phonegap\ionic-tutorial\ngionicpic\platforms\android\\gradle\wrapper\gradle-wrapper.jar
PATH=C:\Oracle\product\11.2.0\dbhome_1\bin;C:\app\Tarnóczai_Gábor\product\11.2.0\dbhome_1\bin;C:\ProgramData\Oracle\Java\javapath;C:\Windows\system32;C:\Windows;C:\Windows\System32\Wbem;C:\Windows\System32\WindowsPowerShell\v1.0\;C:\Program Files (x86)\Skype\Phone\;c:\Program Files\Microsoft SQL Server\110\Tools\Binn\;c:\Program Files (x86)\Microsoft SQL Server\110\Tools\Binn\ManagementStudio\;c:\Program Files (x86)\Microsoft SQL Server\110\Tools\Binn\;c:\Program Files (x86)\Microsoft SQL Server\110\DTS\Binn\;C:\Program Files\SASHome\Secure\ccme4;C:\Program Files\SASHome\x86\Secure\ccme4;c:\Program Files\Microsoft SQL Server\110\DTS\Binn\;C:\Program Files (x86)\Brackets\command;C:\Program Files\nodejs\;c:\Users\Tarnóczai Gábor\AppData\Local\Android\android-sdk\platform-tools\;c:\Users\Tarnóczai Gábor\AppData\Local\Android\android-sdk;C:\Users\Tarnóczai Gábor\AppData\Roaming\npm;c:\Program Files\Java\jdk1.8.0_60\bin;c:\Program Files\ANT\apache-ant-1.9.6\bin;c:\Users\Tarnóczai Gábor\AppData\Local\Android\android-sdk\platform-tools;c:\Users\Tarnóczai Gábor\AppData\Local\Android\android-sdk\tools
USERNAME=Tarnóczai Gábor
OS=Windows_NT
PROCESSOR_IDENTIFIER=Intel64 Family 6 Model 58 Stepping 9, GenuineIntel



---------------  S Y S T E M  ---------------

OS: Windows 8.1 , 64 bit Build 9600 (6.3.9600.17415)

CPU:total 2 (2 cores per cpu, 1 threads per core) family 6 model 58 stepping 9, cmov, cx8, fxsr, mmx, sse, sse2, sse3, ssse3, sse4.1, sse4.2, popcnt, clmul, erms, tsc, tscinvbit, tscinv

Memory: 4k page, physical 4083504k(557896k free), swap 5132080k(6540k free)

vm_info: Java HotSpot(TM) 64-Bit Server VM (25.60-b23) for windows-amd64 JRE (1.8.0_60-b27), built on Aug  4 2015 11:06:27 by "java_re" with MS VC++ 10.0 (VS2010)

time: Tue Sep 22 10:32:55 2015
elapsed time: 14 seconds (0d 0h 0m 14s)

